2019-05-21 09:51:29,355 [redis.RedisProxy.updateServerListCache():365:DEBUG]
 update cached server list success, count: 1
2019-05-21 09:51:29,527 [redis.subscribe.HallPlayerListener.onPSubscribe():36 :DEBUG]
 Hall_0.player.*=1
2019-05-21 09:52:23,103 [message.hall.login.LoginMessageSend.assignSuccess():65 :DEBUG]
 1 - 6
2019-05-21 09:52:23,104 [message.hall.login.LoginMessageSend.assignSuccess():65 :DEBUG]
 1 - 6
2019-05-21 09:52:29,358 [redis.RedisProxy.updateServerListCache():365:DEBUG]
 update cached server list success, count: 1
2019-05-21 09:53:29,360 [redis.RedisProxy.updateServerListCache():365:DEBUG]
 update cached server list success, count: 1
2019-05-21 09:53:46,156 [message.hall.login.LoginMessageSend.assignSuccess():65 :DEBUG]
 1 - 6
2019-05-21 09:53:46,157 [message.hall.login.LoginMessageSend.assignSuccess():65 :DEBUG]
 1 - 6
2019-05-21 09:54:29,362 [redis.RedisProxy.updateServerListCache():365:DEBUG]
 update cached server list success, count: 1
2019-05-21 09:55:06,736 [redis.RedisProxy.updateServerListCache():365:DEBUG]
 update cached server list success, count: 1
2019-05-21 09:55:06,767 [redis.subscribe.HallPlayerListener.onPSubscribe():36 :DEBUG]
 Hall_0.player.*=1
2019-05-21 09:55:36,089 [message.hall.login.LoginMessageSend.assignSuccess():65 :DEBUG]
 1 - 6
2019-05-21 09:55:36,090 [message.hall.login.LoginMessageSend.assignSuccess():65 :DEBUG]
 1 - 6
2019-05-21 09:56:06,737 [redis.RedisProxy.updateServerListCache():365:DEBUG]
 update cached server list success, count: 1
